<?xml version="1.0" encoding="UTF-8"?>
<testng-results total="1" passed="1" failed="0" skipped="0">
  <reporter-output>
  </reporter-output>
  <suite started-at="2023-01-11T22:49:13Z" name="Surefire suite" finished-at="2023-01-11T22:49:13Z" duration-ms="16">
    <groups>
    </groups>
    <test started-at="2023-01-11T22:49:13Z" name="Surefire test" finished-at="2023-01-11T22:49:13Z" duration-ms="16">
      <class name="FirstTest">
        <test-method signature="test()" started-at="2023-01-11T22:49:13Z" name="test" finished-at="2023-01-11T22:49:13Z" duration-ms="8" status="PASS">
        </test-method>
      </class>
    </test>
  </suite>
</testng-results>
