<?xml version="1.0" encoding="UTF-8"?>
<testsuite xmlns:xsi="http://www.w3.org/2001/XMLSchema-instance" xsi:noNamespaceSchemaLocation="https://maven.apache.org/surefire/maven-surefire-plugin/xsd/surefire-test-report-3.0.xsd" version="3.0" name="TestSuite" time="20.519" tests="5" errors="0" skipped="3" failures="1">
  <properties>
[...]
</properties>
  <testcase name="test" classname="test_package.FirstTest" time="0.012">
    <system-out><![CDATA[Hello
]]></system-out>
  </testcase>
  <testcase name="selenideConfig" classname="test_package.SecondTest" time="20.289">
    <failure message="unknown error: cannot find Chrome binary&#10;Build info: version: &apos;3.141.59&apos;, revision: &apos;e82be7d358&apos;, time: &apos;2018-11-14T08:17:03&apos;&#10;System info: host: &apos;DESKTOP-BVVFRD3&apos;, ip: &apos;169.254.123.223&apos;, os.name: &apos;Windows 10&apos;, os.arch: &apos;amd64&apos;, os.version: &apos;10.0&apos;, java.version: &apos;19.0.1&apos;&#10;Driver info: driver.version: SelenideDriver&#10;selenide.url: https://github.com/Horokhov/QA_Automation&#10;selenide.baseUrl: http://localhost:8080&#10;remote stacktrace: Backtrace:&#10;	(No symbol) [0x00796643]&#10;	(No symbol) [0x0072BE21]&#10;	(No symbol) [0x0062DA9D]&#10;	(No symbol) [0x0064CC30]&#10;	(No symbol) [0x0064A899]&#10;	(No symbol) [0x00686917]&#10;	(No symbol) [0x0068655C]&#10;	(No symbol) [0x0067FB76]&#10;	(No symbol) [0x006549C1]&#10;	(No symbol) [0x00655E5D]&#10;	GetHandleVerifier [0x00A0A142+2497106]&#10;	GetHandleVerifier [0x00A385D3+2686691]&#10;	GetHandleVerifier [0x00A3BB9C+2700460]&#10;	GetHandleVerifier [0x00843B10+635936]&#10;	(No symbol) [0x00734A1F]&#10;	(No symbol) [0x0073A418]&#10;	(No symbol) [0x0073A505]&#10;	(No symbol) [0x0074508B]&#10;	BaseThreadInitThunk [0x761300F9+25]&#10;	RtlGetAppContainerNamedObjectPath [0x77C37BBE+286]&#10;	RtlGetAppContainerNamedObjectPath [0x77C37B8E+238]&#10;" type="org.openqa.selenium.WebDriverException"><![CDATA[org.openqa.selenium.WebDriverException: 
unknown error: cannot find Chrome binary
Build info: version: '3.141.59', revision: 'e82be7d358', time: '2018-11-14T08:17:03'
System info: host: 'DESKTOP-BVVFRD3', ip: '169.254.123.223', os.name: 'Windows 10', os.arch: 'amd64', os.version: '10.0', java.version: '19.0.1'
Driver info: driver.version: SelenideDriver
selenide.url: https://github.com/Horokhov/QA_Automation
selenide.baseUrl: http://localhost:8080
remote stacktrace: Backtrace:
	(No symbol) [0x00796643]
	(No symbol) [0x0072BE21]
	(No symbol) [0x0062DA9D]
	(No symbol) [0x0064CC30]
	(No symbol) [0x0064A899]
	(No symbol) [0x00686917]
	(No symbol) [0x0068655C]
	(No symbol) [0x0067FB76]
	(No symbol) [0x006549C1]
	(No symbol) [0x00655E5D]
	GetHandleVerifier [0x00A0A142+2497106]
	GetHandleVerifier [0x00A385D3+2686691]
	GetHandleVerifier [0x00A3BB9C+2700460]
	GetHandleVerifier [0x00843B10+635936]
	(No symbol) [0x00734A1F]
	(No symbol) [0x0073A418]
	(No symbol) [0x0073A505]
	(No symbol) [0x0074508B]
	BaseThreadInitThunk [0x761300F9+25]
	RtlGetAppContainerNamedObjectPath [0x77C37BBE+286]
	RtlGetAppContainerNamedObjectPath [0x77C37B8E+238]

	at test_package.SecondTest.selenideConfig(SecondTest.java:9)
]]></failure>
    <system-err><![CDATA[SLF4J: Failed to load class "org.slf4j.impl.StaticLoggerBinder".
SLF4J: Defaulting to no-operation (NOP) logger implementation
SLF4J: See http://www.slf4j.org/codes.html#StaticLoggerBinder for further details.
Starting ChromeDriver 109.0.5414.74 (e7c5703604daa9cc128ccf5a5d3e993513758913-refs/branch-heads/5414@{#1172}) on port 30286
Only local connections are allowed.
Please see https://chromedriver.chromium.org/security-considerations for suggestions on keeping ChromeDriver safe.
ChromeDriver was started successfully.
]]></system-err>
  </testcase>
  <testcase name="setUp" classname="test_package.SecondTest" time="0">
    <skipped/>
  </testcase>
  <testcase name="test2" classname="test_package.SecondTest" time="0">
    <skipped/>
  </testcase>
  <testcase name="shutDown" classname="test_package.SecondTest" time="0">
    <skipped/>
  </testcase>
</testsuite>